android/app/build/intermediates/manifest_merge_blame_file/release/manifest-merger-blame-release-report.txt
1<?xml version="1.0" encoding="utf-8"?>
2<manifest xmlns:android="http://schemas.android.com/apk/res/android"
3    package="com.cottonbidseller"
4    android:versionCode="1"
5    android:versionName="1.0" >
6
7    <uses-sdk
8        android:minSdkVersion="21"
8-->src\main\AndroidManifest.xml
9        android:targetSdkVersion="29" />
9-->src\main\AndroidManifest.xml
10
11    <uses-permission android:name="android.permission.INTERNET" />
11-->src\main\AndroidManifest.xml:4:5-67
11-->src\main\AndroidManifest.xml:4:22-64
12    <uses-permission android:name="android.permission.CAMERA" />
12-->src\main\AndroidManifest.xml:5:2-7:7
12-->src\main\AndroidManifest.xml:6:7-47
13    <uses-permission android:name="android.permission.WRITE_EXTERNAL_STORAGE" />
13-->src\main\AndroidManifest.xml:8:5-10:7
13-->src\main\AndroidManifest.xml:9:7-63
14    <uses-permission android:name="android.permission.VIBRATE" />
14-->src\main\AndroidManifest.xml:11:5-66
14-->src\main\AndroidManifest.xml:11:22-63
15    <uses-permission android:name="android.permission.RECEIVE_BOOT_COMPLETED" />
15-->src\main\AndroidManifest.xml:12:5-80
15-->src\main\AndroidManifest.xml:12:22-78
16    <uses-permission android:name="android.permission.WAKE_LOCK" />
16-->[:react-native-firebase_messaging] AndroidManifest.xml:12:5-68
16-->[:react-native-firebase_messaging] AndroidManifest.xml:12:22-65
17    <uses-permission android:name="android.permission.ACCESS_NETWORK_STATE" /> <!-- Required to access Google Play Licensing -->
17-->[:react-native-firebase_messaging] AndroidManifest.xml:13:5-79
17-->[:react-native-firebase_messaging] AndroidManifest.xml:13:22-76
18    <uses-permission android:name="com.android.vending.CHECK_LICENSE" /> <!-- Required to check whether Wi-Fi is enabled -->
18-->[:rn-fetch-blob] AndroidManifest.xml:12:5-73
18-->[:rn-fetch-blob] AndroidManifest.xml:12:22-70
19    <uses-permission android:name="android.permission.ACCESS_WIFI_STATE" /> <!-- Required by older versions of Google Play services to create IID tokens -->
19-->[:rn-fetch-blob] AndroidManifest.xml:30:5-76
19-->[:rn-fetch-blob] AndroidManifest.xml:30:22-73
20    <uses-permission android:name="com.google.android.c2dm.permission.RECEIVE" />
20-->[com.google.firebase:firebase-messaging:22.0.0] AndroidManifest.xml:25:5-82
20-->[com.google.firebase:firebase-messaging:22.0.0] AndroidManifest.xml:25:22-79
21    <uses-permission android:name="android.permission.FOREGROUND_SERVICE" />
21-->[androidx.work:work-runtime:2.5.0] AndroidManifest.xml:28:5-77
21-->[androidx.work:work-runtime:2.5.0] AndroidManifest.xml:28:22-74
22
23    <uses-feature
23-->[com.google.android.gms:play-services-maps:17.0.0] AndroidManifest.xml:26:5-28:35
24        android:glEsVersion="0x00020000"
24-->[com.google.android.gms:play-services-maps:17.0.0] AndroidManifest.xml:27:9-41
25        android:required="true" />
25-->[com.google.android.gms:play-services-maps:17.0.0] AndroidManifest.xml:28:9-32
26
27    <uses-permission android:name="com.google.android.finsky.permission.BIND_GET_INSTALL_REFERRER_SERVICE" />
27-->[com.google.android.gms:play-services-measurement:19.0.1] AndroidManifest.xml:26:5-110
27-->[com.google.android.gms:play-services-measurement:19.0.1] AndroidManifest.xml:26:22-107
28    <uses-permission android:name="android.permission.USE_FULL_SCREEN_INTENT" /> <!-- for android -->
28-->[app.notifee:core:202108261754] AndroidManifest.xml:15:5-81
28-->[app.notifee:core:202108261754] AndroidManifest.xml:15:22-78
29    <!-- <uses-permission android:name="com.android.launcher.permission.READ_SETTINGS"/> -->
30    <!-- <uses-permission android:name="com.android.launcher.permission.WRITE_SETTINGS"/> -->
31    <!-- <uses-permission android:name="com.android.launcher.permission.INSTALL_SHORTCUT" /> -->
32    <!-- <uses-permission android:name="com.android.launcher.permission.UNINSTALL_SHORTCUT" /> -->
33    <!-- for Samsung -->
34    <uses-permission android:name="com.sec.android.provider.badge.permission.READ" />
34-->[me.leolin:ShortcutBadger:1.1.22] AndroidManifest.xml:19:5-86
34-->[me.leolin:ShortcutBadger:1.1.22] AndroidManifest.xml:19:22-83
35    <uses-permission android:name="com.sec.android.provider.badge.permission.WRITE" /> <!-- for htc -->
35-->[me.leolin:ShortcutBadger:1.1.22] AndroidManifest.xml:20:5-87
35-->[me.leolin:ShortcutBadger:1.1.22] AndroidManifest.xml:20:22-84
36    <uses-permission android:name="com.htc.launcher.permission.READ_SETTINGS" />
36-->[me.leolin:ShortcutBadger:1.1.22] AndroidManifest.xml:23:5-81
36-->[me.leolin:ShortcutBadger:1.1.22] AndroidManifest.xml:23:22-78
37    <uses-permission android:name="com.htc.launcher.permission.UPDATE_SHORTCUT" /> <!-- for sony -->
37-->[me.leolin:ShortcutBadger:1.1.22] AndroidManifest.xml:24:5-83
37-->[me.leolin:ShortcutBadger:1.1.22] AndroidManifest.xml:24:22-80
38    <uses-permission android:name="com.sonyericsson.home.permission.BROADCAST_BADGE" />
38-->[me.leolin:ShortcutBadger:1.1.22] AndroidManifest.xml:27:5-88
38-->[me.leolin:ShortcutBadger:1.1.22] AndroidManifest.xml:27:22-85
39    <uses-permission android:name="com.sonymobile.home.permission.PROVIDER_INSERT_BADGE" /> <!-- for apex -->
39-->[me.leolin:ShortcutBadger:1.1.22] AndroidManifest.xml:28:5-92
39-->[me.leolin:ShortcutBadger:1.1.22] AndroidManifest.xml:28:22-89
40    <uses-permission android:name="com.anddoes.launcher.permission.UPDATE_COUNT" /> <!-- for solid -->
40-->[me.leolin:ShortcutBadger:1.1.22] AndroidManifest.xml:31:5-84
40-->[me.leolin:ShortcutBadger:1.1.22] AndroidManifest.xml:31:22-81
41    <uses-permission android:name="com.majeur.launcher.permission.UPDATE_BADGE" /> <!-- for huawei -->
41-->[me.leolin:ShortcutBadger:1.1.22] AndroidManifest.xml:34:5-83
41-->[me.leolin:ShortcutBadger:1.1.22] AndroidManifest.xml:34:22-80
42    <uses-permission android:name="com.huawei.android.launcher.permission.CHANGE_BADGE" />
42-->[me.leolin:ShortcutBadger:1.1.22] AndroidManifest.xml:37:5-91
42-->[me.leolin:ShortcutBadger:1.1.22] AndroidManifest.xml:37:22-88
43    <uses-permission android:name="com.huawei.android.launcher.permission.READ_SETTINGS" />
43-->[me.leolin:ShortcutBadger:1.1.22] AndroidManifest.xml:38:5-92
43-->[me.leolin:ShortcutBadger:1.1.22] AndroidManifest.xml:38:22-89
44    <uses-permission android:name="com.huawei.android.launcher.permission.WRITE_SETTINGS" /> <!-- for ZUK -->
44-->[me.leolin:ShortcutBadger:1.1.22] AndroidManifest.xml:39:5-93
44-->[me.leolin:ShortcutBadger:1.1.22] AndroidManifest.xml:39:22-90
45    <uses-permission android:name="android.permission.READ_APP_BADGE" /> <!-- for OPPO -->
45-->[me.leolin:ShortcutBadger:1.1.22] AndroidManifest.xml:42:5-73
45-->[me.leolin:ShortcutBadger:1.1.22] AndroidManifest.xml:42:22-70
46    <uses-permission android:name="com.oppo.launcher.permission.READ_SETTINGS" />
46-->[me.leolin:ShortcutBadger:1.1.22] AndroidManifest.xml:45:5-82
46-->[me.leolin:ShortcutBadger:1.1.22] AndroidManifest.xml:45:22-79
47    <uses-permission android:name="com.oppo.launcher.permission.WRITE_SETTINGS" /> <!-- for EvMe -->
47-->[me.leolin:ShortcutBadger:1.1.22] AndroidManifest.xml:46:5-83
47-->[me.leolin:ShortcutBadger:1.1.22] AndroidManifest.xml:46:22-80
48    <uses-permission android:name="me.everything.badger.permission.BADGE_COUNT_READ" />
48-->[me.leolin:ShortcutBadger:1.1.22] AndroidManifest.xml:49:5-88
48-->[me.leolin:ShortcutBadger:1.1.22] AndroidManifest.xml:49:22-85
49    <uses-permission android:name="me.everything.badger.permission.BADGE_COUNT_WRITE" />
49-->[me.leolin:ShortcutBadger:1.1.22] AndroidManifest.xml:50:5-89
49-->[me.leolin:ShortcutBadger:1.1.22] AndroidManifest.xml:50:22-86
50
51    <application
51-->src\main\AndroidManifest.xml:14:5-41:19
52        android:name="com.cottonbidseller.MainApplication"
52-->src\main\AndroidManifest.xml:15:7-38
53        android:allowBackup="false"
53-->src\main\AndroidManifest.xml:18:7-34
54        android:appComponentFactory="androidx.core.app.CoreComponentFactory"
54-->[androidx.core:core:1.3.1] AndroidManifest.xml:24:18-86
55        android:icon="@mipmap/ic_launcher"
55-->src\main\AndroidManifest.xml:17:7-41
56        android:label="@string/app_name"
56-->src\main\AndroidManifest.xml:16:7-39
57        android:largeHeap="true"
57-->src\main\AndroidManifest.xml:21:7-31
58        android:requestLegacyExternalStorage="true"
58-->src\main\AndroidManifest.xml:20:7-50
59        android:theme="@style/AppTheme"
59-->src\main\AndroidManifest.xml:22:7-38
60        android:usesCleartextTraffic="true" >
60-->src\main\AndroidManifest.xml:19:8-43
61        <activity
61-->src\main\AndroidManifest.xml:23:7-33:18
62            android:name="com.cottonbidseller.MainActivity"
62-->src\main\AndroidManifest.xml:24:9-37
63            android:configChanges="keyboard|keyboardHidden|orientation|screenSize|uiMode"
63-->src\main\AndroidManifest.xml:26:9-86
64            android:label="@string/app_name"
64-->src\main\AndroidManifest.xml:25:9-41
65            android:launchMode="singleTask"
65-->src\main\AndroidManifest.xml:27:9-40
66            android:windowSoftInputMode="adjustResize" >
66-->src\main\AndroidManifest.xml:28:9-51
67            <intent-filter>
67-->src\main\AndroidManifest.xml:29:9-32:25
68                <action android:name="android.intent.action.MAIN" />
68-->src\main\AndroidManifest.xml:30:13-65
68-->src\main\AndroidManifest.xml:30:21-62
69
70                <category android:name="android.intent.category.LAUNCHER" />
70-->src\main\AndroidManifest.xml:31:13-73
70-->src\main\AndroidManifest.xml:31:23-70
71            </intent-filter>
72        </activity>
73
74        <meta-data
74-->src\main\AndroidManifest.xml:34:7-36:54
75            android:name="com.google.firebase.messaging.default_notification_icon"
75-->src\main\AndroidManifest.xml:35:13-83
76            android:resource="@mipmap/ic_launcher" />
76-->src\main\AndroidManifest.xml:36:13-51
77        <meta-data
77-->src\main\AndroidManifest.xml:37:9-39:47
78            android:name="com.google.firebase.messaging.default_notification_color"
78-->src\main\AndroidManifest.xml:38:13-84
79            android:resource="@color/white" />
79-->src\main\AndroidManifest.xml:39:13-44
80
81        <provider
81-->[:notifee_react-native] AndroidManifest.xml:12:9-16:40
82            android:name="io.invertase.notifee.NotifeeInitProvider"
82-->[:notifee_react-native] AndroidManifest.xml:13:13-68
83            android:authorities="com.cottonbidseller.notifee-init-provider"
83-->[:notifee_react-native] AndroidManifest.xml:14:13-73
84            android:exported="false"
84-->[:notifee_react-native] AndroidManifest.xml:15:13-37
85            android:initOrder="-100" />
85-->[:notifee_react-native] AndroidManifest.xml:16:13-37
86
87        <service android:name="io.invertase.firebase.messaging.ReactNativeFirebaseMessagingHeadlessService" />
87-->[:react-native-firebase_messaging] AndroidManifest.xml:16:9-111
87-->[:react-native-firebase_messaging] AndroidManifest.xml:16:18-108
88        <service
88-->[:react-native-firebase_messaging] AndroidManifest.xml:17:9-23:19
89            android:name="io.invertase.firebase.messaging.ReactNativeFirebaseMessagingService"
89-->[:react-native-firebase_messaging] AndroidManifest.xml:18:13-95
90            android:exported="false" >
90-->[:react-native-firebase_messaging] AndroidManifest.xml:19:13-37
91            <intent-filter>
91-->[:react-native-firebase_messaging] AndroidManifest.xml:20:13-22:29
92                <action android:name="com.google.firebase.MESSAGING_EVENT" />
92-->[:react-native-firebase_messaging] AndroidManifest.xml:21:17-78
92-->[:react-native-firebase_messaging] AndroidManifest.xml:21:25-75
93            </intent-filter>
94        </service>
95
96        <receiver
96-->[:react-native-firebase_messaging] AndroidManifest.xml:25:9-32:20
97            android:name="io.invertase.firebase.messaging.ReactNativeFirebaseMessagingReceiver"
97-->[:react-native-firebase_messaging] AndroidManifest.xml:26:13-96
98            android:exported="true"
98-->[:react-native-firebase_messaging] AndroidManifest.xml:27:13-36
99            android:permission="com.google.android.c2dm.permission.SEND" >
99-->[:react-native-firebase_messaging] AndroidManifest.xml:28:13-73
100            <intent-filter>
100-->[:react-native-firebase_messaging] AndroidManifest.xml:29:13-31:29
101                <action android:name="com.google.android.c2dm.intent.RECEIVE" />
101-->[:react-native-firebase_messaging] AndroidManifest.xml:30:17-81
101-->[:react-native-firebase_messaging] AndroidManifest.xml:30:25-78
102            </intent-filter>
103        </receiver>
104
105        <meta-data
105-->[:react-native-firebase_messaging] AndroidManifest.xml:34:9-36:36
106            android:name="firebase_messaging_auto_init_enabled"
106-->[:react-native-firebase_messaging] AndroidManifest.xml:35:13-64
107            android:value="true" />
107-->[:react-native-firebase_messaging] AndroidManifest.xml:36:13-33
108        <meta-data
108-->[:react-native-firebase_messaging] AndroidManifest.xml:37:9-39:32
109            android:name="com.google.firebase.messaging.default_notification_channel_id"
109-->[:react-native-firebase_messaging] AndroidManifest.xml:38:13-89
110            android:value="" />
110-->[:react-native-firebase_messaging] AndroidManifest.xml:39:13-29
111        <meta-data
111-->[:react-native-firebase_app] AndroidManifest.xml:12:9-14:36
112            android:name="app_data_collection_default_enabled"
112-->[:react-native-firebase_app] AndroidManifest.xml:13:13-63
113            android:value="true" />
113-->[:react-native-firebase_app] AndroidManifest.xml:14:13-33
114
115        <service
115-->[:react-native-firebase_app] AndroidManifest.xml:16:9-20:19
116            android:name="com.google.firebase.components.ComponentDiscoveryService"
116-->[:react-native-firebase_app] AndroidManifest.xml:16:18-89
117            android:directBootAware="true"
117-->[com.google.firebase:firebase-common:20.0.0] AndroidManifest.xml:35:13-43
118            android:exported="false" >
118-->[com.google.firebase:firebase-messaging:22.0.0] AndroidManifest.xml:51:13-37
119            <meta-data
119-->[:react-native-firebase_app] AndroidManifest.xml:17:13-19:85
120                android:name="com.google.firebase.components:io.invertase.firebase.app.ReactNativeFirebaseAppRegistrar"
120-->[:react-native-firebase_app] AndroidManifest.xml:18:17-120
121                android:value="com.google.firebase.components.ComponentRegistrar" />
121-->[:react-native-firebase_app] AndroidManifest.xml:19:17-82
122            <meta-data
122-->[com.google.firebase:firebase-messaging:22.0.0] AndroidManifest.xml:52:13-54:85
123                android:name="com.google.firebase.components:com.google.firebase.messaging.FirebaseMessagingRegistrar"
123-->[com.google.firebase:firebase-messaging:22.0.0] AndroidManifest.xml:53:17-119
124                android:value="com.google.firebase.components.ComponentRegistrar" />
124-->[com.google.firebase:firebase-messaging:22.0.0] AndroidManifest.xml:54:17-82
125            <meta-data
125-->[com.google.firebase:firebase-datatransport:18.0.0] AndroidManifest.xml:28:13-30:85
126                android:name="com.google.firebase.components:com.google.firebase.datatransport.TransportRegistrar"
126-->[com.google.firebase:firebase-datatransport:18.0.0] AndroidManifest.xml:29:17-115
127                android:value="com.google.firebase.components.ComponentRegistrar" />
127-->[com.google.firebase:firebase-datatransport:18.0.0] AndroidManifest.xml:30:17-82
128            <meta-data
128-->[com.google.android.gms:play-services-measurement-api:19.0.1] AndroidManifest.xml:30:13-32:85
129                android:name="com.google.firebase.components:com.google.firebase.analytics.connector.internal.AnalyticsConnectorRegistrar"
129-->[com.google.android.gms:play-services-measurement-api:19.0.1] AndroidManifest.xml:31:17-139
130                android:value="com.google.firebase.components.ComponentRegistrar" />
130-->[com.google.android.gms:play-services-measurement-api:19.0.1] AndroidManifest.xml:32:17-82
131            <meta-data
131-->[com.google.firebase:firebase-installations:17.0.0] AndroidManifest.xml:18:13-20:85
132                android:name="com.google.firebase.components:com.google.firebase.installations.FirebaseInstallationsRegistrar"
132-->[com.google.firebase:firebase-installations:17.0.0] AndroidManifest.xml:19:17-127
133                android:value="com.google.firebase.components.ComponentRegistrar" />
133-->[com.google.firebase:firebase-installations:17.0.0] AndroidManifest.xml:20:17-82
134        </service>
135
136        <provider
136-->[:react-native-firebase_app] AndroidManifest.xml:22:9-26:38
137            android:name="io.invertase.firebase.app.ReactNativeFirebaseAppInitProvider"
137-->[:react-native-firebase_app] AndroidManifest.xml:23:13-88
138            android:authorities="com.cottonbidseller.reactnativefirebaseappinitprovider"
138-->[:react-native-firebase_app] AndroidManifest.xml:24:13-86
139            android:exported="false"
139-->[:react-native-firebase_app] AndroidManifest.xml:25:13-37
140            android:initOrder="99" />
140-->[:react-native-firebase_app] AndroidManifest.xml:26:13-35
141        <provider
141-->[:react-native-image-picker] AndroidManifest.xml:12:9-20:20
142            android:name="com.imagepicker.ImagePickerProvider"
142-->[:react-native-image-picker] AndroidManifest.xml:13:13-63
143            android:authorities="com.cottonbidseller.imagepickerprovider"
143-->[:react-native-image-picker] AndroidManifest.xml:14:13-71
144            android:exported="false"
144-->[:react-native-image-picker] AndroidManifest.xml:15:13-37
145            android:grantUriPermissions="true" >
145-->[:react-native-image-picker] AndroidManifest.xml:16:13-47
146            <meta-data
146-->[:react-native-image-picker] AndroidManifest.xml:17:13-19:70
147                android:name="android.support.FILE_PROVIDER_PATHS"
147-->[:react-native-image-picker] AndroidManifest.xml:18:17-67
148                android:resource="@xml/imagepicker_provider_paths" />
148-->[:react-native-image-picker] AndroidManifest.xml:19:17-67
149        </provider>
150
151        <activity
151-->[:react-native-razorpay] AndroidManifest.xml:12:9-14:86
152            android:name="com.razorpay.CheckoutActivity"
152-->[:react-native-razorpay] AndroidManifest.xml:13:13-57
153            android:configChanges="keyboard|keyboardHidden|orientation|screenSize"
153-->[:react-native-razorpay] AndroidManifest.xml:14:13-83
154            android:theme="@style/CheckoutTheme" >
154-->[com.razorpay:checkout:1.6.15] AndroidManifest.xml:21:13-49
155            <intent-filter>
155-->[com.razorpay:checkout:1.6.15] AndroidManifest.xml:22:13-28:29
156                <action android:name="android.intent.action.MAIN" />
156-->src\main\AndroidManifest.xml:30:13-65
156-->src\main\AndroidManifest.xml:30:21-62
157
158                <data
158-->[com.razorpay:checkout:1.6.15] AndroidManifest.xml:25:17-27:47
159                    android:host="rzp.io"
159-->[com.razorpay:checkout:1.6.15] AndroidManifest.xml:26:21-42
160                    android:scheme="io.rzp" />
160-->[com.razorpay:checkout:1.6.15] AndroidManifest.xml:27:21-44
161            </intent-filter>
162        </activity>
163
164        <provider
164-->[:react-native-webview] AndroidManifest.xml:12:9-20:20
165            android:name="com.reactnativecommunity.webview.RNCWebViewFileProvider"
165-->[:react-native-webview] AndroidManifest.xml:13:13-83
166            android:authorities="com.cottonbidseller.fileprovider"
166-->[:react-native-webview] AndroidManifest.xml:14:13-64
167            android:exported="false"
167-->[:react-native-webview] AndroidManifest.xml:15:13-37
168            android:grantUriPermissions="true" >
168-->[:react-native-webview] AndroidManifest.xml:16:13-47
169            <meta-data
169-->[:react-native-image-picker] AndroidManifest.xml:17:13-19:70
170                android:name="android.support.FILE_PROVIDER_PATHS"
170-->[:react-native-image-picker] AndroidManifest.xml:18:17-67
171                android:resource="@xml/file_provider_paths" />
171-->[:react-native-image-picker] AndroidManifest.xml:19:17-67
172        </provider>
173        <provider
173-->[:rn-fetch-blob] AndroidManifest.xml:36:9-44:20
174            android:name="com.RNFetchBlob.Utils.FileProvider"
174-->[:rn-fetch-blob] AndroidManifest.xml:37:13-62
175            android:authorities="com.cottonbidseller.provider"
175-->[:rn-fetch-blob] AndroidManifest.xml:38:13-60
176            android:exported="false"
176-->[:rn-fetch-blob] AndroidManifest.xml:39:13-37
177            android:grantUriPermissions="true" >
177-->[:rn-fetch-blob] AndroidManifest.xml:40:13-47
178            <meta-data
178-->[:react-native-image-picker] AndroidManifest.xml:17:13-19:70
179                android:name="android.support.FILE_PROVIDER_PATHS"
179-->[:react-native-image-picker] AndroidManifest.xml:18:17-67
180                android:resource="@xml/provider_paths" />
180-->[:react-native-image-picker] AndroidManifest.xml:19:17-67
181        </provider>
182
183        <receiver
183-->[com.google.firebase:firebase-messaging:22.0.0] AndroidManifest.xml:28:9-35:20
184            android:name="com.google.firebase.iid.FirebaseInstanceIdReceiver"
184-->[com.google.firebase:firebase-messaging:22.0.0] AndroidManifest.xml:29:13-78
185            android:exported="true"
185-->[com.google.firebase:firebase-messaging:22.0.0] AndroidManifest.xml:30:13-36
186            android:permission="com.google.android.c2dm.permission.SEND" >
186-->[com.google.firebase:firebase-messaging:22.0.0] AndroidManifest.xml:31:13-73
187            <intent-filter>
187-->[:react-native-firebase_messaging] AndroidManifest.xml:29:13-31:29
188                <action android:name="com.google.android.c2dm.intent.RECEIVE" />
188-->[:react-native-firebase_messaging] AndroidManifest.xml:30:17-81
188-->[:react-native-firebase_messaging] AndroidManifest.xml:30:25-78
189            </intent-filter>
190        </receiver>
191        <!--
192             FirebaseMessagingService performs security checks at runtime,
193             but set to not exported to explicitly avoid allowing another app to call it.
194        -->
195        <service
195-->[com.google.firebase:firebase-messaging:22.0.0] AndroidManifest.xml:41:9-48:19
196            android:name="com.google.firebase.messaging.FirebaseMessagingService"
196-->[com.google.firebase:firebase-messaging:22.0.0] AndroidManifest.xml:42:13-82
197            android:directBootAware="true"
197-->[com.google.firebase:firebase-messaging:22.0.0] AndroidManifest.xml:43:13-43
198            android:exported="false" >
198-->[com.google.firebase:firebase-messaging:22.0.0] AndroidManifest.xml:44:13-37
199            <intent-filter android:priority="-500" >
199-->[:react-native-firebase_messaging] AndroidManifest.xml:20:13-22:29
200                <action android:name="com.google.firebase.MESSAGING_EVENT" />
200-->[:react-native-firebase_messaging] AndroidManifest.xml:21:17-78
200-->[:react-native-firebase_messaging] AndroidManifest.xml:21:25-75
201            </intent-filter>
202        </service>
203        <service
203-->[com.google.android.datatransport:transport-backend-cct:3.0.0] AndroidManifest.xml:29:9-35:19
204            android:name="com.google.android.datatransport.runtime.backends.TransportBackendDiscovery"
204-->[com.google.android.datatransport:transport-backend-cct:3.0.0] AndroidManifest.xml:30:13-103
205            android:exported="false" >
205-->[com.google.android.datatransport:transport-backend-cct:3.0.0] AndroidManifest.xml:31:13-37
206            <meta-data
206-->[com.google.android.datatransport:transport-backend-cct:3.0.0] AndroidManifest.xml:32:13-34:39
207                android:name="backend:com.google.android.datatransport.cct.CctBackendFactory"
207-->[com.google.android.datatransport:transport-backend-cct:3.0.0] AndroidManifest.xml:33:17-94
208                android:value="cct" />
208-->[com.google.android.datatransport:transport-backend-cct:3.0.0] AndroidManifest.xml:34:17-36
209        </service>
210
211        <provider
211-->[com.google.firebase:firebase-common:20.0.0] AndroidManifest.xml:26:9-31:39
212            android:name="com.google.firebase.provider.FirebaseInitProvider"
212-->[com.google.firebase:firebase-common:20.0.0] AndroidManifest.xml:27:13-77
213            android:authorities="com.cottonbidseller.firebaseinitprovider"
213-->[com.google.firebase:firebase-common:20.0.0] AndroidManifest.xml:28:13-72
214            android:directBootAware="true"
214-->[com.google.firebase:firebase-common:20.0.0] AndroidManifest.xml:29:13-43
215            android:exported="false"
215-->[com.google.firebase:firebase-common:20.0.0] AndroidManifest.xml:30:13-37
216            android:initOrder="100" />
216-->[com.google.firebase:firebase-common:20.0.0] AndroidManifest.xml:31:13-36
217
218        <service
218-->[com.google.android.datatransport:transport-runtime:3.0.0] AndroidManifest.xml:26:9-30:19
219            android:name="com.google.android.datatransport.runtime.scheduling.jobscheduling.JobInfoSchedulerService"
219-->[com.google.android.datatransport:transport-runtime:3.0.0] AndroidManifest.xml:27:13-117
220            android:exported="false"
220-->[com.google.android.datatransport:transport-runtime:3.0.0] AndroidManifest.xml:28:13-37
221            android:permission="android.permission.BIND_JOB_SERVICE" >
221-->[com.google.android.datatransport:transport-runtime:3.0.0] AndroidManifest.xml:29:13-69
222        </service>
223
224        <receiver
224-->[com.google.android.datatransport:transport-runtime:3.0.0] AndroidManifest.xml:32:9-34:40
225            android:name="com.google.android.datatransport.runtime.scheduling.jobscheduling.AlarmManagerSchedulerBroadcastReceiver"
225-->[com.google.android.datatransport:transport-runtime:3.0.0] AndroidManifest.xml:33:13-132
226            android:exported="false" />
226-->[com.google.android.datatransport:transport-runtime:3.0.0] AndroidManifest.xml:34:13-37
227
228        <provider
228-->[androidx.work:work-runtime:2.5.0] AndroidManifest.xml:31:9-37:35
229            android:name="androidx.work.impl.WorkManagerInitializer"
229-->[androidx.work:work-runtime:2.5.0] AndroidManifest.xml:32:13-69
230            android:authorities="com.cottonbidseller.workmanager-init"
230-->[androidx.work:work-runtime:2.5.0] AndroidManifest.xml:33:13-68
231            android:directBootAware="false"
231-->[androidx.work:work-runtime:2.5.0] AndroidManifest.xml:34:13-44
232            android:exported="false"
232-->[androidx.work:work-runtime:2.5.0] AndroidManifest.xml:35:13-37
233            android:multiprocess="true" />
233-->[androidx.work:work-runtime:2.5.0] AndroidManifest.xml:36:13-40
234
235        <service
235-->[androidx.work:work-runtime:2.5.0] AndroidManifest.xml:39:9-44:35
236            android:name="androidx.work.impl.background.systemalarm.SystemAlarmService"
236-->[androidx.work:work-runtime:2.5.0] AndroidManifest.xml:40:13-88
237            android:directBootAware="false"
237-->[androidx.work:work-runtime:2.5.0] AndroidManifest.xml:41:13-44
238            android:enabled="@bool/enable_system_alarm_service_default"
238-->[androidx.work:work-runtime:2.5.0] AndroidManifest.xml:42:13-72
239            android:exported="false" />
239-->[androidx.work:work-runtime:2.5.0] AndroidManifest.xml:43:13-37
240        <service
240-->[androidx.work:work-runtime:2.5.0] AndroidManifest.xml:45:9-51:35
241            android:name="androidx.work.impl.background.systemjob.SystemJobService"
241-->[androidx.work:work-runtime:2.5.0] AndroidManifest.xml:46:13-84
242            android:directBootAware="false"
242-->[androidx.work:work-runtime:2.5.0] AndroidManifest.xml:47:13-44
243            android:enabled="@bool/enable_system_job_service_default"
243-->[androidx.work:work-runtime:2.5.0] AndroidManifest.xml:48:13-70
244            android:exported="true"
244-->[androidx.work:work-runtime:2.5.0] AndroidManifest.xml:49:13-36
245            android:permission="android.permission.BIND_JOB_SERVICE" />
245-->[androidx.work:work-runtime:2.5.0] AndroidManifest.xml:50:13-69
246        <service
246-->[androidx.work:work-runtime:2.5.0] AndroidManifest.xml:52:9-57:35
247            android:name="androidx.work.impl.foreground.SystemForegroundService"
247-->[androidx.work:work-runtime:2.5.0] AndroidManifest.xml:53:13-81
248            android:directBootAware="false"
248-->[androidx.work:work-runtime:2.5.0] AndroidManifest.xml:54:13-44
249            android:enabled="@bool/enable_system_foreground_service_default"
249-->[androidx.work:work-runtime:2.5.0] AndroidManifest.xml:55:13-77
250            android:exported="false" />
250-->[androidx.work:work-runtime:2.5.0] AndroidManifest.xml:56:13-37
251
252        <receiver
252-->[androidx.work:work-runtime:2.5.0] AndroidManifest.xml:59:9-64:35
253            android:name="androidx.work.impl.utils.ForceStopRunnable$BroadcastReceiver"
253-->[androidx.work:work-runtime:2.5.0] AndroidManifest.xml:60:13-88
254            android:directBootAware="false"
254-->[androidx.work:work-runtime:2.5.0] AndroidManifest.xml:61:13-44
255            android:enabled="true"
255-->[androidx.work:work-runtime:2.5.0] AndroidManifest.xml:62:13-35
256            android:exported="false" />
256-->[androidx.work:work-runtime:2.5.0] AndroidManifest.xml:63:13-37
257        <receiver
257-->[androidx.work:work-runtime:2.5.0] AndroidManifest.xml:65:9-75:20
258            android:name="androidx.work.impl.background.systemalarm.ConstraintProxy$BatteryChargingProxy"
258-->[androidx.work:work-runtime:2.5.0] AndroidManifest.xml:66:13-106
259            android:directBootAware="false"
259-->[androidx.work:work-runtime:2.5.0] AndroidManifest.xml:67:13-44
260            android:enabled="false"
260-->[androidx.work:work-runtime:2.5.0] AndroidManifest.xml:68:13-36
261            android:exported="false" >